2025-12-16 12:16:50,543 INFO o.a.j.u.JMeterUtils: Setting Locale to en_EN
2025-12-16 12:16:50,580 INFO o.a.j.JMeter: Loading user properties from: /opt/homebrew/Cellar/jmeter/5.6.3/libexec/bin/user.properties
2025-12-16 12:16:50,586 INFO o.a.j.JMeter: Loading system properties from: /opt/homebrew/Cellar/jmeter/5.6.3/libexec/bin/system.properties
2025-12-16 12:16:50,596 INFO o.a.j.JMeter: Copyright (c) 1998-2024 The Apache Software Foundation
2025-12-16 12:16:50,596 INFO o.a.j.JMeter: Version 5.6.3
2025-12-16 12:16:50,596 INFO o.a.j.JMeter: java.version=21.0.9
2025-12-16 12:16:50,597 INFO o.a.j.JMeter: java.vm.name=OpenJDK 64-Bit Server VM
2025-12-16 12:16:50,597 INFO o.a.j.JMeter: os.name=Mac OS X
2025-12-16 12:16:50,597 INFO o.a.j.JMeter: os.arch=aarch64
2025-12-16 12:16:50,597 INFO o.a.j.JMeter: os.version=14.4
2025-12-16 12:16:50,597 INFO o.a.j.JMeter: file.encoding=UTF-8
2025-12-16 12:16:50,597 INFO o.a.j.JMeter: java.awt.headless=true
2025-12-16 12:16:50,597 INFO o.a.j.JMeter: Max memory     =1073741824
2025-12-16 12:16:50,597 INFO o.a.j.JMeter: Available Processors =8
2025-12-16 12:16:50,607 INFO o.a.j.JMeter: Default Locale=English (EN)
2025-12-16 12:16:50,607 INFO o.a.j.JMeter: JMeter  Locale=English (EN)
2025-12-16 12:16:50,607 INFO o.a.j.JMeter: JMeterHome=/opt/homebrew/Cellar/jmeter/5.6.3/libexec
2025-12-16 12:16:50,608 INFO o.a.j.JMeter: user.dir  =/Users/sonyakoldun/Downloads/LabTesting5_backup/Lab4.JMeter.Performance
2025-12-16 12:16:50,608 INFO o.a.j.JMeter: PWD       =/Users/sonyakoldun/Downloads/LabTesting5_backup/Lab4.JMeter.Performance
2025-12-16 12:16:50,609 INFO o.a.j.JMeter: IP: 127.0.0.1 Name: MacBook-Air-Sonya.local FullName: localhost
2025-12-16 12:16:50,621 INFO o.a.j.JMeter: Setting property 'jmeter.reportgenerator.outputdir' to:'/Users/sonyakoldun/Downloads/LabTesting5_backup/Lab4.JMeter.Performance/JMeter/HtmlReports/stress'
2025-12-16 12:16:50,623 INFO o.a.j.s.FileServer: Default base='/Users/sonyakoldun/Downloads/LabTesting5_backup/Lab4.JMeter.Performance'
2025-12-16 12:16:50,624 INFO o.a.j.s.FileServer: Set new base='/Users/sonyakoldun/Downloads/LabTesting5_backup/Lab4.JMeter.Performance/JMeter/TestPlans'
2025-12-16 12:16:50,754 INFO o.a.j.s.SaveService: Testplan (JMX) version: 2.2. Testlog (JTL) version: 2.2
2025-12-16 12:16:50,790 INFO o.a.j.s.SaveService: Using SaveService properties version 5.0
2025-12-16 12:16:50,791 INFO o.a.j.s.SaveService: Using SaveService properties file encoding UTF-8
2025-12-16 12:16:50,793 INFO o.a.j.s.SaveService: Loading file: JMeter/TestPlans/Lab4_ffl_performance.jmx
2025-12-16 12:16:50,824 INFO o.a.j.p.h.c.CookieManager: Settings: Delete null: true Check: true Allow variable: true Save: false Prefix: COOKIE_
2025-12-16 12:16:50,826 INFO o.a.j.p.h.c.CacheManager: Will only cache the following methods: [GET]
2025-12-16 12:16:50,849 INFO o.a.j.p.h.s.HTTPSamplerBase: Parser for text/html is org.apache.jmeter.protocol.http.parser.LagartoBasedHtmlParser
2025-12-16 12:16:50,849 INFO o.a.j.p.h.s.HTTPSamplerBase: Parser for application/xhtml+xml is org.apache.jmeter.protocol.http.parser.LagartoBasedHtmlParser
2025-12-16 12:16:50,849 INFO o.a.j.p.h.s.HTTPSamplerBase: Parser for application/xml is org.apache.jmeter.protocol.http.parser.LagartoBasedHtmlParser
2025-12-16 12:16:50,849 INFO o.a.j.p.h.s.HTTPSamplerBase: Parser for text/xml is org.apache.jmeter.protocol.http.parser.LagartoBasedHtmlParser
2025-12-16 12:16:50,849 INFO o.a.j.p.h.s.HTTPSamplerBase: Parser for text/vnd.wap.wml is org.apache.jmeter.protocol.http.parser.RegexpHTMLParser
2025-12-16 12:16:50,850 INFO o.a.j.p.h.s.HTTPSamplerBase: Parser for text/css is org.apache.jmeter.protocol.http.parser.CssParser
2025-12-16 12:16:50,883 INFO o.a.j.JMeter: Creating summariser <summary>
2025-12-16 12:16:50,885 INFO o.a.j.r.d.ReportGenerator: ReportGenerator will use for Parsing the separator: ','
2025-12-16 12:16:50,886 INFO o.a.j.r.d.ReportGenerator: Will generate report at end of test from  results file: JMeter/Results/stress_results.jtl
2025-12-16 12:16:50,886 INFO o.a.j.r.d.ReportGenerator: Reading report generator properties from: /opt/homebrew/Cellar/jmeter/5.6.3/libexec/bin/reportgenerator.properties
2025-12-16 12:16:50,886 INFO o.a.j.r.d.ReportGenerator: Merging with JMeter properties
2025-12-16 12:16:50,889 INFO o.a.j.r.c.ReportGeneratorConfiguration: Property 'jmeter.reportgenerator.temp_dir' not found, using default value 'temp' instead.
2025-12-16 12:16:50,890 INFO o.a.j.r.c.ReportGeneratorConfiguration: Property 'jmeter.reportgenerator.apdex_per_transaction' not found, using default value 'null' instead.
2025-12-16 12:16:50,890 INFO o.a.j.r.c.ReportGeneratorConfiguration: apdex_per_transaction is empty, not APDEX per transaction customization
2025-12-16 12:16:50,891 INFO o.a.j.r.c.ReportGeneratorConfiguration: Property 'jmeter.reportgenerator.sample_filter' not found, using default value 'null' instead.
2025-12-16 12:16:50,891 INFO o.a.j.r.c.ReportGeneratorConfiguration: Property 'jmeter.reportgenerator.report_title' not found, using default value 'null' instead.
2025-12-16 12:16:50,891 INFO o.a.j.r.c.ReportGeneratorConfiguration: Property 'jmeter.reportgenerator.start_date' not found, using default value 'null' instead.
2025-12-16 12:16:50,891 INFO o.a.j.r.c.ReportGeneratorConfiguration: Property 'jmeter.reportgenerator.end_date' not found, using default value 'null' instead.
2025-12-16 12:16:50,891 INFO o.a.j.r.c.ReportGeneratorConfiguration: Property 'jmeter.reportgenerator.date_format' not found, using default value 'null' instead.
2025-12-16 12:16:50,892 INFO o.a.j.r.c.ReportGeneratorConfiguration: Will use date range start date: null, end date: null
2025-12-16 12:16:50,894 INFO o.a.j.r.c.ReportGeneratorConfiguration: Property 'jmeter.reportgenerator.graph.totalTPS.exclude_controllers' not found, using default value 'false' instead.
2025-12-16 12:16:50,895 INFO o.a.j.r.c.ReportGeneratorConfiguration: Property 'jmeter.reportgenerator.graph.activeThreadsOverTime.exclude_controllers' not found, using default value 'false' instead.
2025-12-16 12:16:50,895 INFO o.a.j.r.c.ReportGeneratorConfiguration: Property 'jmeter.reportgenerator.graph.timeVsThreads.exclude_controllers' not found, using default value 'false' instead.
2025-12-16 12:16:50,895 INFO o.a.j.r.c.ReportGeneratorConfiguration: Property 'jmeter.reportgenerator.graph.responseTimeDistribution.exclude_controllers' not found, using default value 'false' instead.
2025-12-16 12:16:50,895 INFO o.a.j.r.c.ReportGeneratorConfiguration: Property 'jmeter.reportgenerator.graph.transactionsPerSecond.exclude_controllers' not found, using default value 'false' instead.
2025-12-16 12:16:50,895 INFO o.a.j.r.c.ReportGeneratorConfiguration: Property 'jmeter.reportgenerator.graph.responseTimePercentiles.exclude_controllers' not found, using default value 'false' instead.
2025-12-16 12:16:50,896 INFO o.a.j.r.c.ReportGeneratorConfiguration: Property 'jmeter.reportgenerator.graph.responseTimePercentilesOverTime.exclude_controllers' not found, using default value 'false' instead.
2025-12-16 12:16:50,896 INFO o.a.j.r.c.ReportGeneratorConfiguration: Property 'jmeter.reportgenerator.graph.responseTimesOverTime.exclude_controllers' not found, using default value 'false' instead.
2025-12-16 12:16:50,896 INFO o.a.j.r.c.ReportGeneratorConfiguration: Property 'jmeter.reportgenerator.graph.connectTimeOverTime.exclude_controllers' not found, using default value 'false' instead.
2025-12-16 12:16:50,896 INFO o.a.j.r.c.ReportGeneratorConfiguration: Property 'jmeter.reportgenerator.graph.latenciesOverTime.exclude_controllers' not found, using default value 'false' instead.
2025-12-16 12:16:50,897 INFO o.a.j.r.c.ReportGeneratorConfiguration: Property 'jmeter.reportgenerator.exporter.json.filters_only_sample_series' not found, using default value 'true' instead.
2025-12-16 12:16:50,897 INFO o.a.j.r.c.ReportGeneratorConfiguration: Property 'jmeter.reportgenerator.exporter.json.series_filter' not found, using default value '' instead.
2025-12-16 12:16:50,897 INFO o.a.j.r.c.ReportGeneratorConfiguration: Property 'jmeter.reportgenerator.exporter.json.show_controllers_only' not found, using default value 'false' instead.
2025-12-16 12:16:50,898 INFO o.a.j.r.c.ReportGeneratorConfiguration: Property 'jmeter.reportgenerator.exporter.html.filters_only_sample_series' not found, using default value 'true' instead.
2025-12-16 12:16:50,898 INFO o.a.j.r.c.ReportGeneratorConfiguration: Property 'jmeter.reportgenerator.exporter.html.series_filter' not found, using default value '' instead.
2025-12-16 12:16:50,898 INFO o.a.j.r.c.ReportGeneratorConfiguration: Property 'jmeter.reportgenerator.exporter.html.show_controllers_only' not found, using default value 'false' instead.
2025-12-16 12:16:50,907 INFO o.a.j.e.StandardJMeterEngine: Running the test!
2025-12-16 12:16:50,908 INFO o.a.j.s.SampleEvent: List of sample_variables: []
2025-12-16 12:16:50,908 INFO o.a.j.s.SampleEvent: List of sample_variables: []
2025-12-16 12:16:50,911 INFO o.a.j.e.u.CompoundVariable: Note: Function class names must contain the string: '.functions.'
2025-12-16 12:16:50,911 INFO o.a.j.e.u.CompoundVariable: Note: Function class names must not contain the string: '.gui.'
2025-12-16 12:16:50,977 INFO o.a.j.r.ClassFinder: Will scan jar /opt/homebrew/Cellar/jmeter/5.6.3/libexec/lib/ext/jmeter-plugins-manager-1.9.jar with filter ExtendsClassFilter [parents=[interface org.apache.jmeter.functions.Function], inner=false, contains=null, notContains=null]. Consider exposing JMeter plugins via META-INF/services, and add JMeter-Skip-Class-Scanning=true manifest attribute so JMeter can skip classfile scanning
2025-12-16 12:16:51,075 INFO o.a.j.JMeter: Running test (1765880211075)
2025-12-16 12:16:51,088 INFO o.a.j.e.StandardJMeterEngine: Starting ThreadGroup: 1 : 02_BASELINE
2025-12-16 12:16:51,088 INFO o.a.j.e.StandardJMeterEngine: Starting 10 threads for group 02_BASELINE.
2025-12-16 12:16:51,088 INFO o.a.j.e.StandardJMeterEngine: Thread will continue on error
2025-12-16 12:16:51,089 INFO o.a.j.t.ThreadGroup: Starting thread group... number=1 threads=10 ramp-up=25 delayedStart=false
2025-12-16 12:16:51,094 INFO o.a.j.t.JMeterThread: Thread started: 02_BASELINE 1-1
2025-12-16 12:16:51,097 INFO o.a.j.t.ThreadGroup: Started thread group number 1
2025-12-16 12:16:51,097 INFO o.a.j.e.StandardJMeterEngine: All thread groups have been started
2025-12-16 12:16:51,106 INFO o.a.j.p.h.s.HTTPHCAbstractImpl: Local host = MacBook-Air-Sonya.local
2025-12-16 12:16:51,108 INFO o.a.j.p.h.s.HTTPHC4Impl: HTTP request retry count = 0
2025-12-16 12:16:51,109 INFO o.a.j.s.SampleResult: Note: Sample TimeStamps are START times
2025-12-16 12:16:51,109 INFO o.a.j.s.SampleResult: sampleresult.default.encoding is set to UTF-8
2025-12-16 12:16:51,110 INFO o.a.j.s.SampleResult: sampleresult.useNanoTime=true
2025-12-16 12:16:51,110 INFO o.a.j.s.SampleResult: sampleresult.nanoThreadSleep=5000
2025-12-16 12:16:51,145 INFO o.a.j.p.h.s.h.LazyLayeredConnectionSocketFactory: Setting up HTTPS TrustAll Socket Factory
2025-12-16 12:16:51,149 INFO o.a.j.u.JsseSSLManager: Using default SSL protocol: TLS
2025-12-16 12:16:51,149 INFO o.a.j.u.JsseSSLManager: SSL session context: per-thread
2025-12-16 12:16:51,220 INFO o.a.j.u.SSLManager: JmeterKeyStore Location:  type JKS
2025-12-16 12:16:51,227 INFO o.a.j.u.SSLManager: KeyStore created OK
2025-12-16 12:16:51,227 WARN o.a.j.u.SSLManager: Keystore file not found, loading empty keystore
2025-12-16 12:16:53,597 INFO o.a.j.t.JMeterThread: Thread started: 02_BASELINE 1-2
2025-12-16 12:16:54,796 WARN o.a.j.p.h.s.HTTPSamplerBase: Existing CookieManager HTTP Cookie Manager superseded by HTTP Cookie Manager
2025-12-16 12:16:55,789 WARN o.a.j.p.h.s.HTTPSamplerBase: Existing CookieManager HTTP Cookie Manager superseded by HTTP Cookie Manager
2025-12-16 12:16:56,095 INFO o.a.j.t.JMeterThread: Thread started: 02_BASELINE 1-3
2025-12-16 12:16:56,659 WARN o.a.j.p.h.s.HTTPSamplerBase: Existing CookieManager HTTP Cookie Manager superseded by HTTP Cookie Manager
2025-12-16 12:16:57,620 WARN o.a.j.p.h.s.HTTPSamplerBase: Existing CookieManager HTTP Cookie Manager superseded by HTTP Cookie Manager
2025-12-16 12:16:58,316 WARN o.a.j.p.h.s.HTTPSamplerBase: Existing CookieManager HTTP Cookie Manager superseded by HTTP Cookie Manager
2025-12-16 12:16:58,503 WARN o.a.j.p.h.s.HTTPSamplerBase: Existing CookieManager HTTP Cookie Manager superseded by HTTP Cookie Manager
2025-12-16 12:16:58,592 INFO o.a.j.t.JMeterThread: Thread started: 02_BASELINE 1-4
2025-12-16 12:16:59,405 WARN o.a.j.p.h.s.HTTPSamplerBase: Existing CookieManager HTTP Cookie Manager superseded by HTTP Cookie Manager
2025-12-16 12:17:00,085 INFO o.a.j.r.Summariser: summary +     60 in 00:00:09 =    6.7/s Avg:   332 Min:    84 Max:  1491 Err:     0 (0.00%) Active: 4 Started: 4 Finished: 0
2025-12-16 12:17:00,184 WARN o.a.j.p.h.s.HTTPSamplerBase: Existing CookieManager HTTP Cookie Manager superseded by HTTP Cookie Manager
2025-12-16 12:17:00,531 WARN o.a.j.p.h.s.HTTPSamplerBase: Existing CookieManager HTTP Cookie Manager superseded by HTTP Cookie Manager
2025-12-16 12:17:00,774 WARN o.a.j.p.h.s.HTTPSamplerBase: Existing CookieManager HTTP Cookie Manager superseded by HTTP Cookie Manager
2025-12-16 12:17:01,096 INFO o.a.j.t.JMeterThread: Thread started: 02_BASELINE 1-5
2025-12-16 12:17:01,373 WARN o.a.j.p.h.s.HTTPSamplerBase: Existing CookieManager HTTP Cookie Manager superseded by HTTP Cookie Manager
2025-12-16 12:17:02,174 WARN o.a.j.p.h.s.HTTPSamplerBase: Existing CookieManager HTTP Cookie Manager superseded by HTTP Cookie Manager
2025-12-16 12:17:02,906 WARN o.a.j.p.h.s.HTTPSamplerBase: Existing CookieManager HTTP Cookie Manager superseded by HTTP Cookie Manager
2025-12-16 12:17:03,049 WARN o.a.j.p.h.s.HTTPSamplerBase: Existing CookieManager HTTP Cookie Manager superseded by HTTP Cookie Manager
2025-12-16 12:17:03,593 INFO o.a.j.t.JMeterThread: Thread started: 02_BASELINE 1-6
2025-12-16 12:17:04,020 WARN o.a.j.p.h.s.HTTPSamplerBase: Existing CookieManager HTTP Cookie Manager superseded by HTTP Cookie Manager
2025-12-16 12:17:04,098 WARN o.a.j.p.h.s.HTTPSamplerBase: Existing CookieManager HTTP Cookie Manager superseded by HTTP Cookie Manager
2025-12-16 12:17:05,023 WARN o.a.j.p.h.s.HTTPSamplerBase: Existing CookieManager HTTP Cookie Manager superseded by HTTP Cookie Manager
2025-12-16 12:17:05,857 WARN o.a.j.p.h.s.HTTPSamplerBase: Existing CookieManager HTTP Cookie Manager superseded by HTTP Cookie Manager
2025-12-16 12:17:05,980 WARN o.a.j.p.h.s.HTTPSamplerBase: Existing CookieManager HTTP Cookie Manager superseded by HTTP Cookie Manager
2025-12-16 12:17:06,092 INFO o.a.j.t.JMeterThread: Thread started: 02_BASELINE 1-7
2025-12-16 12:17:06,778 WARN o.a.j.p.h.s.HTTPSamplerBase: Existing CookieManager HTTP Cookie Manager superseded by HTTP Cookie Manager
2025-12-16 12:17:06,811 WARN o.a.j.p.h.s.HTTPSamplerBase: Existing CookieManager HTTP Cookie Manager superseded by HTTP Cookie Manager
2025-12-16 12:17:06,882 WARN o.a.j.p.h.s.HTTPSamplerBase: Existing CookieManager HTTP Cookie Manager superseded by HTTP Cookie Manager
2025-12-16 12:17:07,743 WARN o.a.j.p.h.s.HTTPSamplerBase: Existing CookieManager HTTP Cookie Manager superseded by HTTP Cookie Manager
2025-12-16 12:17:08,591 INFO o.a.j.t.JMeterThread: Thread started: 02_BASELINE 1-8
2025-12-16 12:17:08,783 WARN o.a.j.p.h.s.HTTPSamplerBase: Existing CookieManager HTTP Cookie Manager superseded by HTTP Cookie Manager
2025-12-16 12:17:08,992 WARN o.a.j.p.h.s.HTTPSamplerBase: Existing CookieManager HTTP Cookie Manager superseded by HTTP Cookie Manager
2025-12-16 12:17:09,429 WARN o.a.j.p.h.s.HTTPSamplerBase: Existing CookieManager HTTP Cookie Manager superseded by HTTP Cookie Manager
2025-12-16 12:17:09,670 WARN o.a.j.p.h.s.HTTPSamplerBase: Existing CookieManager HTTP Cookie Manager superseded by HTTP Cookie Manager
2025-12-16 12:17:09,785 WARN o.a.j.p.h.s.HTTPSamplerBase: Existing CookieManager HTTP Cookie Manager superseded by HTTP Cookie Manager
2025-12-16 12:17:09,993 WARN o.a.j.p.h.s.HTTPSamplerBase: Existing CookieManager HTTP Cookie Manager superseded by HTTP Cookie Manager
2025-12-16 12:17:10,911 WARN o.a.j.p.h.s.HTTPSamplerBase: Existing CookieManager HTTP Cookie Manager superseded by HTTP Cookie Manager
2025-12-16 12:17:11,094 INFO o.a.j.t.JMeterThread: Thread started: 02_BASELINE 1-9
2025-12-16 12:17:12,142 WARN o.a.j.p.h.s.HTTPSamplerBase: Existing CookieManager HTTP Cookie Manager superseded by HTTP Cookie Manager
2025-12-16 12:17:12,433 WARN o.a.j.p.h.s.HTTPSamplerBase: Existing CookieManager HTTP Cookie Manager superseded by HTTP Cookie Manager
2025-12-16 12:17:13,577 WARN o.a.j.p.h.s.HTTPSamplerBase: Existing CookieManager HTTP Cookie Manager superseded by HTTP Cookie Manager
2025-12-16 12:17:13,591 WARN o.a.j.p.h.s.HTTPSamplerBase: Existing CookieManager HTTP Cookie Manager superseded by HTTP Cookie Manager
2025-12-16 12:17:13,595 INFO o.a.j.t.JMeterThread: Thread started: 02_BASELINE 1-10
2025-12-16 12:17:13,786 WARN o.a.j.p.h.s.HTTPSamplerBase: Existing CookieManager HTTP Cookie Manager superseded by HTTP Cookie Manager
2025-12-16 12:17:13,895 WARN o.a.j.p.h.s.HTTPSamplerBase: Existing CookieManager HTTP Cookie Manager superseded by HTTP Cookie Manager
2025-12-16 12:17:14,095 WARN o.a.j.p.h.s.HTTPSamplerBase: Existing CookieManager HTTP Cookie Manager superseded by HTTP Cookie Manager
2025-12-16 12:17:15,307 WARN o.a.j.p.h.s.HTTPSamplerBase: Existing CookieManager HTTP Cookie Manager superseded by HTTP Cookie Manager
2025-12-16 12:17:16,008 WARN o.a.j.p.h.s.HTTPSamplerBase: Existing CookieManager HTTP Cookie Manager superseded by HTTP Cookie Manager
2025-12-16 12:17:16,321 WARN o.a.j.p.h.s.HTTPSamplerBase: Existing CookieManager HTTP Cookie Manager superseded by HTTP Cookie Manager
2025-12-16 12:17:16,889 WARN o.a.j.p.h.s.HTTPSamplerBase: Existing CookieManager HTTP Cookie Manager superseded by HTTP Cookie Manager
2025-12-16 12:17:18,001 WARN o.a.j.p.h.s.HTTPSamplerBase: Existing CookieManager HTTP Cookie Manager superseded by HTTP Cookie Manager
2025-12-16 12:17:18,180 WARN o.a.j.p.h.s.HTTPSamplerBase: Existing CookieManager HTTP Cookie Manager superseded by HTTP Cookie Manager
2025-12-16 12:17:18,378 WARN o.a.j.p.h.s.HTTPSamplerBase: Existing CookieManager HTTP Cookie Manager superseded by HTTP Cookie Manager
2025-12-16 12:17:18,494 WARN o.a.j.p.h.s.HTTPSamplerBase: Existing CookieManager HTTP Cookie Manager superseded by HTTP Cookie Manager
2025-12-16 12:17:18,686 WARN o.a.j.p.h.s.HTTPSamplerBase: Existing CookieManager HTTP Cookie Manager superseded by HTTP Cookie Manager
2025-12-16 12:17:19,002 WARN o.a.j.p.h.s.HTTPSamplerBase: Existing CookieManager HTTP Cookie Manager superseded by HTTP Cookie Manager
2025-12-16 12:17:19,808 WARN o.a.j.p.h.s.HTTPSamplerBase: Existing CookieManager HTTP Cookie Manager superseded by HTTP Cookie Manager
2025-12-16 12:17:20,587 WARN o.a.j.p.h.s.HTTPSamplerBase: Existing CookieManager HTTP Cookie Manager superseded by HTTP Cookie Manager
2025-12-16 12:17:20,811 WARN o.a.j.p.h.s.HTTPSamplerBase: Existing CookieManager HTTP Cookie Manager superseded by HTTP Cookie Manager
2025-12-16 12:17:21,389 WARN o.a.j.p.h.s.HTTPSamplerBase: Existing CookieManager HTTP Cookie Manager superseded by HTTP Cookie Manager
2025-12-16 12:17:22,187 WARN o.a.j.p.h.s.HTTPSamplerBase: Existing CookieManager HTTP Cookie Manager superseded by HTTP Cookie Manager
2025-12-16 12:17:22,505 WARN o.a.j.p.h.s.HTTPSamplerBase: Existing CookieManager HTTP Cookie Manager superseded by HTTP Cookie Manager
2025-12-16 12:17:23,389 WARN o.a.j.p.h.s.HTTPSamplerBase: Existing CookieManager HTTP Cookie Manager superseded by HTTP Cookie Manager
2025-12-16 12:17:23,398 WARN o.a.j.p.h.s.HTTPSamplerBase: Existing CookieManager HTTP Cookie Manager superseded by HTTP Cookie Manager
2025-12-16 12:17:23,496 WARN o.a.j.p.h.s.HTTPSamplerBase: Existing CookieManager HTTP Cookie Manager superseded by HTTP Cookie Manager
2025-12-16 12:17:23,689 WARN o.a.j.p.h.s.HTTPSamplerBase: Existing CookieManager HTTP Cookie Manager superseded by HTTP Cookie Manager
2025-12-16 12:17:24,679 WARN o.a.j.p.h.s.HTTPSamplerBase: Existing CookieManager HTTP Cookie Manager superseded by HTTP Cookie Manager
2025-12-16 12:17:24,976 WARN o.a.j.p.h.s.HTTPSamplerBase: Existing CookieManager HTTP Cookie Manager superseded by HTTP Cookie Manager
2025-12-16 12:17:25,304 WARN o.a.j.p.h.s.HTTPSamplerBase: Existing CookieManager HTTP Cookie Manager superseded by HTTP Cookie Manager
2025-12-16 12:17:25,770 WARN o.a.j.p.h.s.HTTPSamplerBase: Existing CookieManager HTTP Cookie Manager superseded by HTTP Cookie Manager
2025-12-16 12:17:26,874 WARN o.a.j.p.h.s.HTTPSamplerBase: Existing CookieManager HTTP Cookie Manager superseded by HTTP Cookie Manager
2025-12-16 12:17:26,879 WARN o.a.j.p.h.s.HTTPSamplerBase: Existing CookieManager HTTP Cookie Manager superseded by HTTP Cookie Manager
2025-12-16 12:17:27,900 WARN o.a.j.p.h.s.HTTPSamplerBase: Existing CookieManager HTTP Cookie Manager superseded by HTTP Cookie Manager
2025-12-16 12:17:27,899 WARN o.a.j.p.h.s.HTTPSamplerBase: Existing CookieManager HTTP Cookie Manager superseded by HTTP Cookie Manager
2025-12-16 12:17:28,402 WARN o.a.j.p.h.s.HTTPSamplerBase: Existing CookieManager HTTP Cookie Manager superseded by HTTP Cookie Manager
2025-12-16 12:17:28,498 WARN o.a.j.p.h.s.HTTPSamplerBase: Existing CookieManager HTTP Cookie Manager superseded by HTTP Cookie Manager
2025-12-16 12:17:29,397 WARN o.a.j.p.h.s.HTTPSamplerBase: Existing CookieManager HTTP Cookie Manager superseded by HTTP Cookie Manager
2025-12-16 12:17:30,095 INFO o.a.j.r.Summariser: summary +    389 in 00:00:30 =   13.0/s Avg:   642 Min:    85 Max:  1804 Err:     0 (0.00%) Active: 10 Started: 10 Finished: 0
2025-12-16 12:17:30,096 WARN o.a.j.p.h.s.HTTPSamplerBase: Existing CookieManager HTTP Cookie Manager superseded by HTTP Cookie Manager
2025-12-16 12:17:30,096 INFO o.a.j.r.Summariser: summary =    449 in 00:00:39 =   11.5/s Avg:   601 Min:    84 Max:  1804 Err:     0 (0.00%)
2025-12-16 12:17:30,096 WARN o.a.j.p.h.s.HTTPSamplerBase: Existing CookieManager HTTP Cookie Manager superseded by HTTP Cookie Manager
2025-12-16 12:17:30,493 WARN o.a.j.p.h.s.HTTPSamplerBase: Existing CookieManager HTTP Cookie Manager superseded by HTTP Cookie Manager
2025-12-16 12:17:31,677 WARN o.a.j.p.h.s.HTTPSamplerBase: Existing CookieManager HTTP Cookie Manager superseded by HTTP Cookie Manager
2025-12-16 12:17:31,694 WARN o.a.j.p.h.s.HTTPSamplerBase: Existing CookieManager HTTP Cookie Manager superseded by HTTP Cookie Manager
2025-12-16 12:17:33,607 WARN o.a.j.p.h.s.HTTPSamplerBase: Existing CookieManager HTTP Cookie Manager superseded by HTTP Cookie Manager
2025-12-16 12:17:33,714 WARN o.a.j.p.h.s.HTTPSamplerBase: Existing CookieManager HTTP Cookie Manager superseded by HTTP Cookie Manager
2025-12-16 12:17:33,719 WARN o.a.j.p.h.s.HTTPSamplerBase: Existing CookieManager HTTP Cookie Manager superseded by HTTP Cookie Manager
2025-12-16 12:17:33,833 WARN o.a.j.p.h.s.HTTPSamplerBase: Existing CookieManager HTTP Cookie Manager superseded by HTTP Cookie Manager
2025-12-16 12:17:33,875 WARN o.a.j.p.h.s.HTTPSamplerBase: Existing CookieManager HTTP Cookie Manager superseded by HTTP Cookie Manager
2025-12-16 12:17:34,696 WARN o.a.j.p.h.s.HTTPSamplerBase: Existing CookieManager HTTP Cookie Manager superseded by HTTP Cookie Manager
2025-12-16 12:17:34,994 WARN o.a.j.p.h.s.HTTPSamplerBase: Existing CookieManager HTTP Cookie Manager superseded by HTTP Cookie Manager
2025-12-16 12:17:35,080 WARN o.a.j.p.h.s.HTTPSamplerBase: Existing CookieManager HTTP Cookie Manager superseded by HTTP Cookie Manager
2025-12-16 12:17:35,690 WARN o.a.j.p.h.s.HTTPSamplerBase: Existing CookieManager HTTP Cookie Manager superseded by HTTP Cookie Manager
2025-12-16 12:17:36,105 WARN o.a.j.p.h.s.HTTPSamplerBase: Existing CookieManager HTTP Cookie Manager superseded by HTTP Cookie Manager
2025-12-16 12:17:38,086 WARN o.a.j.p.h.s.HTTPSamplerBase: Existing CookieManager HTTP Cookie Manager superseded by HTTP Cookie Manager
2025-12-16 12:17:38,091 WARN o.a.j.p.h.s.HTTPSamplerBase: Existing CookieManager HTTP Cookie Manager superseded by HTTP Cookie Manager
2025-12-16 12:17:38,203 WARN o.a.j.p.h.s.HTTPSamplerBase: Existing CookieManager HTTP Cookie Manager superseded by HTTP Cookie Manager
2025-12-16 12:17:38,304 WARN o.a.j.p.h.s.HTTPSamplerBase: Existing CookieManager HTTP Cookie Manager superseded by HTTP Cookie Manager
2025-12-16 12:17:38,998 WARN o.a.j.p.h.s.HTTPSamplerBase: Existing CookieManager HTTP Cookie Manager superseded by HTTP Cookie Manager
2025-12-16 12:17:39,133 WARN o.a.j.p.h.s.HTTPSamplerBase: Existing CookieManager HTTP Cookie Manager superseded by HTTP Cookie Manager
2025-12-16 12:17:39,201 WARN o.a.j.p.h.s.HTTPSamplerBase: Existing CookieManager HTTP Cookie Manager superseded by HTTP Cookie Manager
2025-12-16 12:17:39,673 WARN o.a.j.p.h.s.HTTPSamplerBase: Existing CookieManager HTTP Cookie Manager superseded by HTTP Cookie Manager
2025-12-16 12:17:40,197 WARN o.a.j.p.h.s.HTTPSamplerBase: Existing CookieManager HTTP Cookie Manager superseded by HTTP Cookie Manager
2025-12-16 12:17:40,577 WARN o.a.j.p.h.s.HTTPSamplerBase: Existing CookieManager HTTP Cookie Manager superseded by HTTP Cookie Manager
2025-12-16 12:17:42,486 WARN o.a.j.p.h.s.HTTPSamplerBase: Existing CookieManager HTTP Cookie Manager superseded by HTTP Cookie Manager
2025-12-16 12:17:42,801 WARN o.a.j.p.h.s.HTTPSamplerBase: Existing CookieManager HTTP Cookie Manager superseded by HTTP Cookie Manager
2025-12-16 12:17:42,801 WARN o.a.j.p.h.s.HTTPSamplerBase: Existing CookieManager HTTP Cookie Manager superseded by HTTP Cookie Manager
2025-12-16 12:17:42,820 WARN o.a.j.p.h.s.HTTPSamplerBase: Existing CookieManager HTTP Cookie Manager superseded by HTTP Cookie Manager
2025-12-16 12:17:43,483 WARN o.a.j.p.h.s.HTTPSamplerBase: Existing CookieManager HTTP Cookie Manager superseded by HTTP Cookie Manager
2025-12-16 12:17:43,618 WARN o.a.j.p.h.s.HTTPSamplerBase: Existing CookieManager HTTP Cookie Manager superseded by HTTP Cookie Manager
2025-12-16 12:17:44,178 WARN o.a.j.p.h.s.HTTPSamplerBase: Existing CookieManager HTTP Cookie Manager superseded by HTTP Cookie Manager
2025-12-16 12:17:44,212 WARN o.a.j.p.h.s.HTTPSamplerBase: Existing CookieManager HTTP Cookie Manager superseded by HTTP Cookie Manager
2025-12-16 12:17:44,878 WARN o.a.j.p.h.s.HTTPSamplerBase: Existing CookieManager HTTP Cookie Manager superseded by HTTP Cookie Manager
2025-12-16 12:17:45,197 WARN o.a.j.p.h.s.HTTPSamplerBase: Existing CookieManager HTTP Cookie Manager superseded by HTTP Cookie Manager
2025-12-16 12:17:47,207 WARN o.a.j.p.h.s.HTTPSamplerBase: Existing CookieManager HTTP Cookie Manager superseded by HTTP Cookie Manager
2025-12-16 12:17:47,295 WARN o.a.j.p.h.s.HTTPSamplerBase: Existing CookieManager HTTP Cookie Manager superseded by HTTP Cookie Manager
2025-12-16 12:17:47,711 WARN o.a.j.p.h.s.HTTPSamplerBase: Existing CookieManager HTTP Cookie Manager superseded by HTTP Cookie Manager
2025-12-16 12:17:47,775 WARN o.a.j.p.h.s.HTTPSamplerBase: Existing CookieManager HTTP Cookie Manager superseded by HTTP Cookie Manager
2025-12-16 12:17:48,383 WARN o.a.j.p.h.s.HTTPSamplerBase: Existing CookieManager HTTP Cookie Manager superseded by HTTP Cookie Manager
2025-12-16 12:17:48,596 WARN o.a.j.p.h.s.HTTPSamplerBase: Existing CookieManager HTTP Cookie Manager superseded by HTTP Cookie Manager
2025-12-16 12:17:49,092 WARN o.a.j.p.h.s.HTTPSamplerBase: Existing CookieManager HTTP Cookie Manager superseded by HTTP Cookie Manager
2025-12-16 12:17:49,188 WARN o.a.j.p.h.s.HTTPSamplerBase: Existing CookieManager HTTP Cookie Manager superseded by HTTP Cookie Manager
2025-12-16 12:17:49,696 WARN o.a.j.p.h.s.HTTPSamplerBase: Existing CookieManager HTTP Cookie Manager superseded by HTTP Cookie Manager
2025-12-16 12:17:49,987 WARN o.a.j.p.h.s.HTTPSamplerBase: Existing CookieManager HTTP Cookie Manager superseded by HTTP Cookie Manager
2025-12-16 12:17:51,898 WARN o.a.j.p.h.s.HTTPSamplerBase: Existing CookieManager HTTP Cookie Manager superseded by HTTP Cookie Manager
2025-12-16 12:17:52,180 WARN o.a.j.p.h.s.HTTPSamplerBase: Existing CookieManager HTTP Cookie Manager superseded by HTTP Cookie Manager
2025-12-16 12:17:52,578 WARN o.a.j.p.h.s.HTTPSamplerBase: Existing CookieManager HTTP Cookie Manager superseded by HTTP Cookie Manager
2025-12-16 12:17:53,207 WARN o.a.j.p.h.s.HTTPSamplerBase: Existing CookieManager HTTP Cookie Manager superseded by HTTP Cookie Manager
2025-12-16 12:17:53,600 WARN o.a.j.p.h.s.HTTPSamplerBase: Existing CookieManager HTTP Cookie Manager superseded by HTTP Cookie Manager
2025-12-16 12:17:53,801 WARN o.a.j.p.h.s.HTTPSamplerBase: Existing CookieManager HTTP Cookie Manager superseded by HTTP Cookie Manager
2025-12-16 12:17:54,087 WARN o.a.j.p.h.s.HTTPSamplerBase: Existing CookieManager HTTP Cookie Manager superseded by HTTP Cookie Manager
2025-12-16 12:17:54,093 WARN o.a.j.p.h.s.HTTPSamplerBase: Existing CookieManager HTTP Cookie Manager superseded by HTTP Cookie Manager
2025-12-16 12:17:54,394 WARN o.a.j.p.h.s.HTTPSamplerBase: Existing CookieManager HTTP Cookie Manager superseded by HTTP Cookie Manager
2025-12-16 12:17:54,478 WARN o.a.j.p.h.s.HTTPSamplerBase: Existing CookieManager HTTP Cookie Manager superseded by HTTP Cookie Manager
2025-12-16 12:17:56,682 WARN o.a.j.p.h.s.HTTPSamplerBase: Existing CookieManager HTTP Cookie Manager superseded by HTTP Cookie Manager
2025-12-16 12:17:56,698 WARN o.a.j.p.h.s.HTTPSamplerBase: Existing CookieManager HTTP Cookie Manager superseded by HTTP Cookie Manager
2025-12-16 12:17:57,166 WARN o.a.j.p.h.s.HTTPSamplerBase: Existing CookieManager HTTP Cookie Manager superseded by HTTP Cookie Manager
2025-12-16 12:17:57,720 WARN o.a.j.p.h.s.HTTPSamplerBase: Existing CookieManager HTTP Cookie Manager superseded by HTTP Cookie Manager
2025-12-16 12:17:58,186 WARN o.a.j.p.h.s.HTTPSamplerBase: Existing CookieManager HTTP Cookie Manager superseded by HTTP Cookie Manager
2025-12-16 12:17:58,371 WARN o.a.j.p.h.s.HTTPSamplerBase: Existing CookieManager HTTP Cookie Manager superseded by HTTP Cookie Manager
2025-12-16 12:17:58,578 WARN o.a.j.p.h.s.HTTPSamplerBase: Existing CookieManager HTTP Cookie Manager superseded by HTTP Cookie Manager
2025-12-16 12:17:58,674 WARN o.a.j.p.h.s.HTTPSamplerBase: Existing CookieManager HTTP Cookie Manager superseded by HTTP Cookie Manager
2025-12-16 12:17:58,884 WARN o.a.j.p.h.s.HTTPSamplerBase: Existing CookieManager HTTP Cookie Manager superseded by HTTP Cookie Manager
2025-12-16 12:17:58,997 WARN o.a.j.p.h.s.HTTPSamplerBase: Existing CookieManager HTTP Cookie Manager superseded by HTTP Cookie Manager
2025-12-16 12:18:00,015 INFO o.a.j.r.Summariser: summary +    382 in 00:00:30 =   12.8/s Avg:   784 Min:   145 Max:  1728 Err:     0 (0.00%) Active: 10 Started: 10 Finished: 0
2025-12-16 12:18:00,017 INFO o.a.j.r.Summariser: summary =    831 in 00:01:09 =   12.1/s Avg:   685 Min:    84 Max:  1804 Err:     0 (0.00%)
2025-12-16 12:18:01,017 WARN o.a.j.p.h.s.HTTPSamplerBase: Existing CookieManager HTTP Cookie Manager superseded by HTTP Cookie Manager
2025-12-16 12:18:01,683 WARN o.a.j.p.h.s.HTTPSamplerBase: Existing CookieManager HTTP Cookie Manager superseded by HTTP Cookie Manager
2025-12-16 12:18:01,696 WARN o.a.j.p.h.s.HTTPSamplerBase: Existing CookieManager HTTP Cookie Manager superseded by HTTP Cookie Manager
2025-12-16 12:18:02,937 WARN o.a.j.p.h.s.HTTPSamplerBase: Existing CookieManager HTTP Cookie Manager superseded by HTTP Cookie Manager
2025-12-16 12:18:03,516 WARN o.a.j.p.h.s.HTTPSamplerBase: Existing CookieManager HTTP Cookie Manager superseded by HTTP Cookie Manager
2025-12-16 12:18:04,079 WARN o.a.j.p.h.s.HTTPSamplerBase: Existing CookieManager HTTP Cookie Manager superseded by HTTP Cookie Manager
2025-12-16 12:18:04,080 WARN o.a.j.p.h.s.HTTPSamplerBase: Existing CookieManager HTTP Cookie Manager superseded by HTTP Cookie Manager
2025-12-16 12:18:04,103 WARN o.a.j.p.h.s.HTTPSamplerBase: Existing CookieManager HTTP Cookie Manager superseded by HTTP Cookie Manager
2025-12-16 12:18:04,581 WARN o.a.j.p.h.s.HTTPSamplerBase: Existing CookieManager HTTP Cookie Manager superseded by HTTP Cookie Manager
2025-12-16 12:18:04,666 WARN o.a.j.p.h.s.HTTPSamplerBase: Existing CookieManager HTTP Cookie Manager superseded by HTTP Cookie Manager
2025-12-16 12:18:06,330 WARN o.a.j.p.h.s.HTTPSamplerBase: Existing CookieManager HTTP Cookie Manager superseded by HTTP Cookie Manager
2025-12-16 12:18:06,780 WARN o.a.j.p.h.s.HTTPSamplerBase: Existing CookieManager HTTP Cookie Manager superseded by HTTP Cookie Manager
2025-12-16 12:18:07,614 WARN o.a.j.p.h.s.HTTPSamplerBase: Existing CookieManager HTTP Cookie Manager superseded by HTTP Cookie Manager
2025-12-16 12:18:07,802 WARN o.a.j.p.h.s.HTTPSamplerBase: Existing CookieManager HTTP Cookie Manager superseded by HTTP Cookie Manager
2025-12-16 12:18:08,187 WARN o.a.j.p.h.s.HTTPSamplerBase: Existing CookieManager HTTP Cookie Manager superseded by HTTP Cookie Manager
2025-12-16 12:18:08,688 WARN o.a.j.p.h.s.HTTPSamplerBase: Existing CookieManager HTTP Cookie Manager superseded by HTTP Cookie Manager
2025-12-16 12:18:08,770 WARN o.a.j.p.h.s.HTTPSamplerBase: Existing CookieManager HTTP Cookie Manager superseded by HTTP Cookie Manager
2025-12-16 12:18:08,802 WARN o.a.j.p.h.s.HTTPSamplerBase: Existing CookieManager HTTP Cookie Manager superseded by HTTP Cookie Manager
2025-12-16 12:18:09,317 WARN o.a.j.p.h.s.HTTPSamplerBase: Existing CookieManager HTTP Cookie Manager superseded by HTTP Cookie Manager
2025-12-16 12:18:09,685 WARN o.a.j.p.h.s.HTTPSamplerBase: Existing CookieManager HTTP Cookie Manager superseded by HTTP Cookie Manager
2025-12-16 12:18:11,088 WARN o.a.j.p.h.s.HTTPSamplerBase: Existing CookieManager HTTP Cookie Manager superseded by HTTP Cookie Manager
2025-12-16 12:18:11,175 WARN o.a.j.p.h.s.HTTPSamplerBase: Existing CookieManager HTTP Cookie Manager superseded by HTTP Cookie Manager
2025-12-16 12:18:12,479 WARN o.a.j.p.h.s.HTTPSamplerBase: Existing CookieManager HTTP Cookie Manager superseded by HTTP Cookie Manager
2025-12-16 12:18:12,714 WARN o.a.j.p.h.s.HTTPSamplerBase: Existing CookieManager HTTP Cookie Manager superseded by HTTP Cookie Manager
2025-12-16 12:18:13,169 WARN o.a.j.p.h.s.HTTPSamplerBase: Existing CookieManager HTTP Cookie Manager superseded by HTTP Cookie Manager
2025-12-16 12:18:13,399 WARN o.a.j.p.h.s.HTTPSamplerBase: Existing CookieManager HTTP Cookie Manager superseded by HTTP Cookie Manager
2025-12-16 12:18:13,497 WARN o.a.j.p.h.s.HTTPSamplerBase: Existing CookieManager HTTP Cookie Manager superseded by HTTP Cookie Manager
2025-12-16 12:18:13,671 WARN o.a.j.p.h.s.HTTPSamplerBase: Existing CookieManager HTTP Cookie Manager superseded by HTTP Cookie Manager
2025-12-16 12:18:14,637 WARN o.a.j.p.h.s.HTTPSamplerBase: Existing CookieManager HTTP Cookie Manager superseded by HTTP Cookie Manager
2025-12-16 12:18:14,993 WARN o.a.j.p.h.s.HTTPSamplerBase: Existing CookieManager HTTP Cookie Manager superseded by HTTP Cookie Manager
2025-12-16 12:18:15,691 WARN o.a.j.p.h.s.HTTPSamplerBase: Existing CookieManager HTTP Cookie Manager superseded by HTTP Cookie Manager
2025-12-16 12:18:15,880 WARN o.a.j.p.h.s.HTTPSamplerBase: Existing CookieManager HTTP Cookie Manager superseded by HTTP Cookie Manager
2025-12-16 12:18:16,990 WARN o.a.j.p.h.s.HTTPSamplerBase: Existing CookieManager HTTP Cookie Manager superseded by HTTP Cookie Manager
2025-12-16 12:18:17,469 WARN o.a.j.p.h.s.HTTPSamplerBase: Existing CookieManager HTTP Cookie Manager superseded by HTTP Cookie Manager
2025-12-16 12:18:17,616 WARN o.a.j.p.h.s.HTTPSamplerBase: Existing CookieManager HTTP Cookie Manager superseded by HTTP Cookie Manager
2025-12-16 12:18:17,885 WARN o.a.j.p.h.s.HTTPSamplerBase: Existing CookieManager HTTP Cookie Manager superseded by HTTP Cookie Manager
2025-12-16 12:18:18,063 WARN o.a.j.p.h.s.HTTPSamplerBase: Existing CookieManager HTTP Cookie Manager superseded by HTTP Cookie Manager
2025-12-16 12:18:18,396 WARN o.a.j.p.h.s.HTTPSamplerBase: Existing CookieManager HTTP Cookie Manager superseded by HTTP Cookie Manager
2025-12-16 12:18:18,988 WARN o.a.j.p.h.s.HTTPSamplerBase: Existing CookieManager HTTP Cookie Manager superseded by HTTP Cookie Manager
2025-12-16 12:18:19,602 WARN o.a.j.p.h.s.HTTPSamplerBase: Existing CookieManager HTTP Cookie Manager superseded by HTTP Cookie Manager
2025-12-16 12:18:20,178 WARN o.a.j.p.h.s.HTTPSamplerBase: Existing CookieManager HTTP Cookie Manager superseded by HTTP Cookie Manager
2025-12-16 12:18:20,591 WARN o.a.j.p.h.s.HTTPSamplerBase: Existing CookieManager HTTP Cookie Manager superseded by HTTP Cookie Manager
2025-12-16 12:18:21,136 INFO o.a.j.t.JMeterThread: Stopping because end time detected by thread: 02_BASELINE 1-8
2025-12-16 12:18:21,137 INFO o.a.j.t.JMeterThread: Thread finished: 02_BASELINE 1-8
2025-12-16 12:18:21,178 INFO o.a.j.t.JMeterThread: Stopping because end time detected by thread: 02_BASELINE 1-4
2025-12-16 12:18:21,179 INFO o.a.j.t.JMeterThread: Thread finished: 02_BASELINE 1-4
2025-12-16 12:18:21,298 INFO o.a.j.t.JMeterThread: Stopping because end time detected by thread: 02_BASELINE 1-3
2025-12-16 12:18:21,298 INFO o.a.j.t.JMeterThread: Thread finished: 02_BASELINE 1-3
2025-12-16 12:18:21,317 INFO o.a.j.t.JMeterThread: Stopping because end time detected by thread: 02_BASELINE 1-6
2025-12-16 12:18:21,317 INFO o.a.j.t.JMeterThread: Thread finished: 02_BASELINE 1-6
2025-12-16 12:18:21,429 INFO o.a.j.t.JMeterThread: Stopping because end time detected by thread: 02_BASELINE 1-2
2025-12-16 12:18:21,430 INFO o.a.j.t.JMeterThread: Thread finished: 02_BASELINE 1-2
2025-12-16 12:18:21,486 INFO o.a.j.t.JMeterThread: Stopping because end time detected by thread: 02_BASELINE 1-7
2025-12-16 12:18:21,487 INFO o.a.j.t.JMeterThread: Thread finished: 02_BASELINE 1-7
2025-12-16 12:18:21,522 INFO o.a.j.t.JMeterThread: Stopping because end time detected by thread: 02_BASELINE 1-9
2025-12-16 12:18:21,522 INFO o.a.j.t.JMeterThread: Thread finished: 02_BASELINE 1-9
2025-12-16 12:18:21,594 INFO o.a.j.t.JMeterThread: Stopping because end time detected by thread: 02_BASELINE 1-1
2025-12-16 12:18:21,595 INFO o.a.j.t.JMeterThread: Thread finished: 02_BASELINE 1-1
2025-12-16 12:18:21,657 INFO o.a.j.t.JMeterThread: Stopping because end time detected by thread: 02_BASELINE 1-5
2025-12-16 12:18:21,658 INFO o.a.j.t.JMeterThread: Thread finished: 02_BASELINE 1-5
2025-12-16 12:18:21,910 INFO o.a.j.t.JMeterThread: Stopping because end time detected by thread: 02_BASELINE 1-10
2025-12-16 12:18:21,910 INFO o.a.j.t.JMeterThread: Thread finished: 02_BASELINE 1-10
2025-12-16 12:18:21,912 INFO o.a.j.e.StandardJMeterEngine: Notifying test listeners of end of test
2025-12-16 12:18:21,916 INFO o.a.j.r.Summariser: summary +    268 in 00:00:22 =   12.2/s Avg:   821 Min:    99 Max:  2170 Err:     0 (0.00%) Active: 0 Started: 10 Finished: 10
2025-12-16 12:18:21,916 INFO o.a.j.r.Summariser: summary =   1099 in 00:01:31 =   12.1/s Avg:   718 Min:    84 Max:  2170 Err:     0 (0.00%)
2025-12-16 12:18:21,917 INFO o.a.j.JMeter: Generating Dashboard
2025-12-16 12:18:21,918 INFO o.a.j.r.d.ReportGenerator: Flushing result collector before report Generation
2025-12-16 12:18:21,964 INFO o.a.j.r.p.NormalizerSampleConsumer: Using format, 'ms', to parse timeStamp field
2025-12-16 12:18:22,097 INFO o.a.j.r.p.AbstractSampleConsumer: class org.apache.jmeter.report.processor.AggregateConsumer#stopProducing(): beginDate produced 0 samples
2025-12-16 12:18:22,097 INFO o.a.j.r.p.AbstractSampleConsumer: class org.apache.jmeter.report.processor.AggregateConsumer#stopProducing(): endDate produced 0 samples
2025-12-16 12:18:22,098 INFO o.a.j.r.p.AbstractSampleConsumer: class org.apache.jmeter.report.processor.ApdexSummaryConsumer#stopProducing(): apdexSummary produced 0 samples
2025-12-16 12:18:22,098 INFO o.a.j.r.p.AbstractSampleConsumer: class org.apache.jmeter.report.processor.RequestsSummaryConsumer#stopProducing(): requestsSummary produced 0 samples
2025-12-16 12:18:22,102 INFO o.a.j.r.p.AbstractSampleConsumer: class org.apache.jmeter.report.processor.StatisticsSummaryConsumer#stopProducing(): statisticsSummary produced 0 samples
2025-12-16 12:18:22,103 INFO o.a.j.r.p.AbstractSampleConsumer: class org.apache.jmeter.report.processor.Top5ErrorsBySamplerConsumer#stopProducing(): top5ErrorsBySampler produced 0 samples
2025-12-16 12:18:22,103 INFO o.a.j.r.p.AbstractSampleConsumer: class org.apache.jmeter.report.processor.ErrorsSummaryConsumer#stopProducing(): errorsSummary produced 0 samples
2025-12-16 12:18:22,103 INFO o.a.j.r.p.AbstractSampleConsumer: class org.apache.jmeter.report.processor.graph.impl.HitsPerSecondGraphConsumer#stopProducing(): hitsPerSecond produced 0 samples
2025-12-16 12:18:22,126 INFO o.a.j.r.p.AbstractSampleConsumer: class org.apache.jmeter.report.processor.graph.impl.LatencyVSRequestGraphConsumer#stopProducing(): latencyVsRequest produced 0 samples
2025-12-16 12:18:22,126 INFO o.a.j.r.p.AbstractSampleConsumer: class org.apache.jmeter.report.processor.graph.impl.SyntheticResponseTimeDistributionGraphConsumer#stopProducing(): syntheticResponseTimeDistribution produced 0 samples
2025-12-16 12:18:22,127 INFO o.a.j.r.p.AbstractSampleConsumer: class org.apache.jmeter.report.processor.graph.impl.BytesThroughputGraphConsumer#stopProducing(): bytesThroughputOverTime produced 0 samples
2025-12-16 12:18:22,127 INFO o.a.j.r.p.AbstractSampleConsumer: class org.apache.jmeter.report.processor.graph.impl.CodesPerSecondGraphConsumer#stopProducing(): codesPerSecond produced 0 samples
2025-12-16 12:18:22,139 INFO o.a.j.r.p.AbstractSampleConsumer: class org.apache.jmeter.report.processor.graph.impl.ResponseTimeVSRequestGraphConsumer#stopProducing(): responseTimeVsRequest produced 0 samples
2025-12-16 12:18:22,140 INFO o.a.j.r.p.AbstractSampleConsumer: class org.apache.jmeter.report.processor.FilterConsumer#stopProducing(): startIntervalControlerFilter produced 7693 samples
2025-12-16 12:18:22,140 INFO o.a.j.r.p.AbstractSampleConsumer: class org.apache.jmeter.report.processor.graph.impl.TotalTPSGraphConsumer#stopProducing(): totalTPS produced 0 samples
2025-12-16 12:18:22,140 INFO o.a.j.r.p.AbstractSampleConsumer: class org.apache.jmeter.report.processor.graph.impl.ActiveThreadsGraphConsumer#stopProducing(): activeThreadsOverTime produced 0 samples
2025-12-16 12:18:22,140 INFO o.a.j.r.p.AbstractSampleConsumer: class org.apache.jmeter.report.processor.graph.impl.TimeVSThreadGraphConsumer#stopProducing(): timeVsThreads produced 0 samples
2025-12-16 12:18:22,140 INFO o.a.j.r.p.AbstractSampleConsumer: class org.apache.jmeter.report.processor.graph.impl.ResponseTimeDistributionGraphConsumer#stopProducing(): responseTimeDistribution produced 0 samples
2025-12-16 12:18:22,140 INFO o.a.j.r.p.AbstractSampleConsumer: class org.apache.jmeter.report.processor.graph.impl.TransactionsPerSecondGraphConsumer#stopProducing(): transactionsPerSecond produced 0 samples
2025-12-16 12:18:22,140 INFO o.a.j.r.p.AbstractSampleConsumer: class org.apache.jmeter.report.processor.graph.impl.ResponseTimePercentilesGraphConsumer#stopProducing(): responseTimePercentiles produced 0 samples
2025-12-16 12:18:22,144 INFO o.a.j.r.p.AbstractSampleConsumer: class org.apache.jmeter.report.processor.graph.impl.ResponseTimePercentilesOverTimeGraphConsumer#stopProducing(): responseTimePercentilesOverTime produced 0 samples
2025-12-16 12:18:22,144 INFO o.a.j.r.p.AbstractSampleConsumer: class org.apache.jmeter.report.processor.graph.impl.ResponseTimeOverTimeGraphConsumer#stopProducing(): responseTimesOverTime produced 0 samples
2025-12-16 12:18:22,144 INFO o.a.j.r.p.AbstractSampleConsumer: class org.apache.jmeter.report.processor.graph.impl.ConnectTimeOverTimeGraphConsumer#stopProducing(): connectTimeOverTime produced 0 samples
2025-12-16 12:18:22,144 INFO o.a.j.r.p.AbstractSampleConsumer: class org.apache.jmeter.report.processor.graph.impl.LatencyOverTimeGraphConsumer#stopProducing(): latenciesOverTime produced 0 samples
2025-12-16 12:18:22,144 INFO o.a.j.r.p.AbstractSampleConsumer: class org.apache.jmeter.report.processor.FilterConsumer#stopProducing(): nameFilter produced 16485 samples
2025-12-16 12:18:22,144 INFO o.a.j.r.p.AbstractSampleConsumer: class org.apache.jmeter.report.processor.FilterConsumer#stopProducing(): dateRangeFilter produced 3297 samples
2025-12-16 12:18:22,144 INFO o.a.j.r.p.AbstractSampleConsumer: class org.apache.jmeter.report.processor.NormalizerSampleConsumer#stopProducing(): normalizer produced 1099 samples
2025-12-16 12:18:22,145 INFO o.a.j.r.p.CsvFileSampleSource: produce(): 1099 samples produced in 159ms on channel 0
2025-12-16 12:18:22,145 INFO o.a.j.r.d.ReportGenerator: Exporting data using exporter:'json' of className:'org.apache.jmeter.report.dashboard.JsonExporter'
2025-12-16 12:18:22,203 INFO o.a.j.r.d.JsonExporter: Found data for consumer statisticsSummary in context
2025-12-16 12:18:22,203 INFO o.a.j.r.d.JsonExporter: Creating statistics for overall
2025-12-16 12:18:22,203 INFO o.a.j.r.d.JsonExporter: Creating statistics for other transactions
2025-12-16 12:18:22,204 INFO o.a.j.r.d.JsonExporter: Checking output folder
2025-12-16 12:18:22,204 INFO o.a.j.r.d.JsonExporter: Writing statistics JSON to /Users/sonyakoldun/Downloads/LabTesting5_backup/Lab4.JMeter.Performance/JMeter/HtmlReports/stress/statistics.json
2025-12-16 12:18:22,231 INFO o.a.j.r.d.ReportGenerator: Exporting data using exporter:'html' of className:'org.apache.jmeter.report.dashboard.HtmlTemplateExporter'
2025-12-16 12:18:22,232 INFO o.a.j.r.d.HtmlTemplateExporter: Will generate dashboard in folder: /Users/sonyakoldun/Downloads/LabTesting5_backup/Lab4.JMeter.Performance/JMeter/HtmlReports/stress
2025-12-16 12:18:22,425 INFO o.a.j.r.d.HtmlTemplateExporter: Report will be generated in: /Users/sonyakoldun/Downloads/LabTesting5_backup/Lab4.JMeter.Performance/JMeter/HtmlReports/stress, creating folder structure
2025-12-16 12:18:22,427 INFO o.a.j.r.d.TemplateVisitor: Copying folder from '/opt/homebrew/Cellar/jmeter/5.6.3/libexec/bin/report-template' to '/Users/sonyakoldun/Downloads/LabTesting5_backup/Lab4.JMeter.Performance/JMeter/HtmlReports/stress', got message: /Users/sonyakoldun/Downloads/LabTesting5_backup/Lab4.JMeter.Performance/JMeter/HtmlReports/stress, found non empty folder with following content [/Users/sonyakoldun/Downloads/LabTesting5_backup/Lab4.JMeter.Performance/JMeter/HtmlReports/stress/statistics.json], will be ignored
2025-12-16 12:18:22,885 INFO o.a.j.JMeter: Dashboard generated
